Sat Jun 24 2023 20 5 1 [PHU] error: Unhandled rejection detected, we're closing server... 
Sat Jun 24 2023 20 5 9 [PHU] error: Schema hasn't been registered for model "AcademicFaculty".
Use mongoose.model(name, schema)
Sat Jun 24 2023 20 6 29 [PHU] error: Unhandled rejection detected, we're closing server... 
Sat Jun 24 2023 20 6 32 [PHU] error: E11000 duplicate key error collection: university-management.academicdepartments index: title_1 dup key: { title: "Department of Business Administration" }
Sat Jun 24 2023 20 7 50 [PHU] error: Unhandled rejection detected, we're closing server... 
Sat Jun 24 2023 20 7 54 [PHU] error: Schema hasn't been registered for model "AcademicFaculty".
Use mongoose.model(name, schema)
Sat Jun 24 2023 20 22 22 [PHU] error: Unhandled rejection detected, we're closing server... 
Sat Jun 24 2023 20 22 29 [PHU] error: Schema hasn't been registered for model "AcademicFaculty".
Use mongoose.model(name, schema)
Sat Jun 24 2023 20 25 18 [PHU] error: Unhandled rejection detected, we're closing server... 
Sat Jun 24 2023 20 25 25 [PHU] error: E11000 duplicate key error collection: university-management.academicdepartments index: title_1 dup key: { title: "Department of Business Administration" }
Sat Jun 24 2023 20 27 1 [PHU] error: Unhandled rejection detected, we're closing server... 
Sat Jun 24 2023 20 27 5 [PHU] error: Schema hasn't been registered for model "AcademicFaculty".
Use mongoose.model(name, schema)
Sat Jun 24 2023 20 28 59 [PHU] error: Unhandled rejection detected, we're closing server... 
Sat Jun 24 2023 20 29 11 [PHU] error: Schema hasn't been registered for model "AcademicFaculty".
Use mongoose.model(name, schema)
Sat Jun 24 2023 20 41 48 [PHU] error: Unhandled rejection detected, we're closing server... 
Sat Jun 24 2023 20 41 52 [PHU] error: Schema hasn't been registered for model "AcademicFaculty".
Use mongoose.model(name, schema)
Sat Jun 24 2023 20 47 32 [PHU] error: Unhandled rejection detected, we're closing server... 
Sat Jun 24 2023 20 47 32 [PHU] error: E11000 duplicate key error collection: university-management.academicdepartments index: title_1 dup key: { title: "Department of Business Administration" }
Sat Jun 24 2023 20 48 23 [PHU] error: Channel closed
Sat Jun 24 2023 20 48 54 [PHU] error: Unhandled rejection detected, we're closing server... 
Sat Jun 24 2023 20 49 15 [PHU] error: Schema hasn't been registered for model "AcademicFaculty".
Use mongoose.model(name, schema)
Sat Jun 24 2023 20 50 12 [PHU] error: Unhandled rejection detected, we're closing server... 
Sat Jun 24 2023 20 50 18 [PHU] error: Schema hasn't been registered for model "AcademicFaculty".
Use mongoose.model(name, schema)
Sat Jun 24 2023 20 52 7 [PHU] error: Unhandled rejection detected, we're closing server... 
Sat Jun 24 2023 20 52 10 [PHU] error: Schema hasn't been registered for model "AcademicFaculty".
Use mongoose.model(name, schema)
Sat Jun 24 2023 20 56 37 [PHU] error: Channel closed
